<?xml version="1.0" encoding="UTF-8"?>
<!-- Generated by org.testng.reporters.JUnitXMLReporter -->
<testsuite ignored="0" hostname="MuraliKrishna" failures="0" tests="4" name="SmokeTests" time="216.875" errors="0" timestamp="2025-11-20T21:02:54 IST">
  <testcase classname="com.surveyheart.tests.general.SignInWithEmailTest" name="loginWithValidCredentialsTest" time="31.741"/>
  <testcase classname="com.surveyheart.tests.general.SurveyHeartLogoTest" name="verifySurveyHeartLogoIsVisible" time="31.519"/>
  <testcase classname="com.surveyheart.tests.forms.FormCreationTest" name="verifyFormCreation" time="65.073"/>
  <testcase classname="com.surveyheart.tests.general.SignOutTest" name="verifyUserIsAbleToSignOut" time="43.692"/>
</testsuite> <!-- SmokeTests -->
