<?xml version="1.0" encoding="UTF-8"?>
<!-- Generated by org.testng.reporters.JUnitXMLReporter -->
<testsuite ignored="0" hostname="MuraliKrishna" failures="0" tests="5" name="Regression Tests" time="299.422" errors="0" timestamp="2025-11-20T20:58:47 IST">
  <testcase classname="com.surveyheart.tests.forms.FormSearchFunctionalityTest" name="verifySearchFuctionalityForForm" time="43.113"/>
  <testcase classname="com.surveyheart.tests.forms.FormTemplateCreationTest" name="verifyFormTemplateCreation" time="46.626"/>
  <testcase classname="com.surveyheart.tests.general.UserPlanAndUsageDetailsTest" name="verifyUserPlanAndUsageDetails" time="41.301"/>
  <testcase classname="com.surveyheart.tests.forms.LatestFormFirstInDashboardTest" name="verifyLatestFormIsFirstInDashboard" time="80.096"/>
  <testcase classname="com.surveyheart.tests.forms.TotalFormsCountInFormDashboardTest" name="verifyTotalFormsCountInDashboard" time="36.954"/>
</testsuite> <!-- Regression Tests -->
