<?xml version="1.0" encoding="UTF-8"?>
<!-- Generated by org.testng.reporters.JUnitReportReporter -->
<testsuite hostname="MuraliKrishna" failures="0" tests="1" name="com.surveyheart.tests.forms.FormStatusChangeToInactiveTest" time="56.424" errors="0" timestamp="2025-11-20T21:16:13 IST" skipped="0">
  <testcase classname="com.surveyheart.tests.forms.FormStatusChangeToInactiveTest" name="verifyChangeFormStatusToInactive" time="56.424"/>
</testsuite> <!-- com.surveyheart.tests.forms.FormStatusChangeToInactiveTest -->
