<?xml version="1.0" encoding="UTF-8"?>
<!-- Generated by org.testng.reporters.JUnitReportReporter -->
<testsuite hostname="MuraliKrishna" failures="0" tests="1" name="com.surveyheart.tests.general.UserPlanAndUsageDetailsTest" time="47.276" errors="0" timestamp="2025-11-20T20:58:47 IST" skipped="0">
  <testcase classname="com.surveyheart.tests.general.UserPlanAndUsageDetailsTest" name="verifyUserPlanAndUsageDetails" time="47.276"/>
</testsuite> <!-- com.surveyheart.tests.general.UserPlanAndUsageDetailsTest -->
