<?xml version="1.0" encoding="UTF-8"?>
<!-- Generated by org.testng.reporters.JUnitReportReporter -->
<testsuite hostname="MuraliKrishna" failures="0" tests="1" name="com.surveyheart.tests.forms.FormSearchFunctionalityTest" time="51.381" errors="0" timestamp="2025-11-20T20:58:47 IST" skipped="0">
  <testcase classname="com.surveyheart.tests.forms.FormSearchFunctionalityTest" name="verifySearchFuctionalityForForm" time="51.381"/>
</testsuite> <!-- com.surveyheart.tests.forms.FormSearchFunctionalityTest -->
