<?xml version="1.0" encoding="UTF-8"?>
<!-- Generated by org.testng.reporters.JUnitReportReporter -->
<testsuite hostname="MuraliKrishna" failures="0" tests="1" name="com.surveyheart.tests.forms.LatestFormFirstInDashboardTest" time="87.069" errors="0" timestamp="2025-11-20T20:58:47 IST" skipped="0">
  <testcase classname="com.surveyheart.tests.forms.LatestFormFirstInDashboardTest" name="verifyLatestFormIsFirstInDashboard" time="87.069"/>
</testsuite> <!-- com.surveyheart.tests.forms.LatestFormFirstInDashboardTest -->
