<?xml version="1.0" encoding="UTF-8"?>
<!-- Generated by org.testng.reporters.JUnitXMLReporter -->
<testsuite ignored="0" hostname="MuraliKrishna" failures="0" tests="4" name="SanityTests" time="369.504" errors="0" timestamp="2025-11-20T21:16:13 IST">
  <testcase classname="com.surveyheart.tests.forms.FormUpdateTest" name="verifyFormUpdate" time="83.381"/>
  <testcase classname="com.surveyheart.tests.forms.FormDeleteTest" name="verifyFormDeletion" time="140.72"/>
  <testcase classname="com.surveyheart.tests.forms.FormInactiveToActiveStatusTest" name="makeInactiveFormActive" time="61.052"/>
  <testcase classname="com.surveyheart.tests.forms.FormStatusChangeToInactiveTest" name="verifyChangeFormStatusToInactive" time="47.619"/>
</testsuite> <!-- SanityTests -->
